c:\users\edwin\documents\github\20210805\stk_cpp_dll\dll1\debug\dll1.pch
c:\users\edwin\documents\github\20210805\stk_cpp_dll\dll1\debug\vc142.pdb
c:\users\edwin\documents\github\20210805\stk_cpp_dll\dll1\debug\vc142.idb
c:\users\edwin\documents\github\20210805\stk_cpp_dll\dll1\debug\pch.obj
c:\users\edwin\documents\github\20210805\stk_cpp_dll\dll1\debug\twozero.obj
c:\users\edwin\documents\github\20210805\stk_cpp_dll\dll1\debug\stk.obj
c:\users\edwin\documents\github\20210805\stk_cpp_dll\dll1\debug\sinewave.obj
c:\users\edwin\documents\github\20210805\stk_cpp_dll\dll1\debug\rtwvout.obj
c:\users\edwin\documents\github\20210805\stk_cpp_dll\dll1\debug\rtaudio.obj
c:\users\edwin\documents\github\20210805\stk_cpp_dll\dll1\debug\mutex.obj
c:\users\edwin\documents\github\20210805\stk_cpp_dll\dll1\debug\fm.obj
c:\users\edwin\documents\github\20210805\stk_cpp_dll\dll1\debug\filewvin.obj
c:\users\edwin\documents\github\20210805\stk_cpp_dll\dll1\debug\fileread.obj
c:\users\edwin\documents\github\20210805\stk_cpp_dll\dll1\debug\fileloop.obj
c:\users\edwin\documents\github\20210805\stk_cpp_dll\dll1\debug\envelope.obj
c:\users\edwin\documents\github\20210805\stk_cpp_dll\dll1\debug\beethree.obj
c:\users\edwin\documents\github\20210805\stk_cpp_dll\dll1\debug\adsr.obj
c:\users\edwin\documents\github\20210805\stk_cpp_dll\dll1\debug\scalable_sinewave.obj
c:\users\edwin\documents\github\20210805\stk_cpp_dll\dll1\debug\myheader.obj
c:\users\edwin\documents\github\20210805\stk_cpp_dll\debug\dll1.lib
c:\users\edwin\documents\github\20210805\stk_cpp_dll\debug\dll1.exp
c:\users\edwin\documents\github\20210805\stk_cpp_dll\debug\dll1.ilk
c:\users\edwin\documents\github\20210805\stk_cpp_dll\debug\dll1.dll
c:\users\edwin\documents\github\20210805\stk_cpp_dll\debug\dll1.pdb
c:\users\edwin\documents\github\20210805\stk_cpp_dll\dll1\debug\dll1.res
c:\users\edwin\documents\github\20210805\stk_cpp_dll\dll1\debug\dll1.tlog\cl.command.1.tlog
c:\users\edwin\documents\github\20210805\stk_cpp_dll\dll1\debug\dll1.tlog\cl.read.1.tlog
c:\users\edwin\documents\github\20210805\stk_cpp_dll\dll1\debug\dll1.tlog\cl.write.1.tlog
c:\users\edwin\documents\github\20210805\stk_cpp_dll\dll1\debug\dll1.tlog\dll1.write.1u.tlog
c:\users\edwin\documents\github\20210805\stk_cpp_dll\dll1\debug\dll1.tlog\link.command.1.tlog
c:\users\edwin\documents\github\20210805\stk_cpp_dll\dll1\debug\dll1.tlog\link.read.1.tlog
c:\users\edwin\documents\github\20210805\stk_cpp_dll\dll1\debug\dll1.tlog\link.write.1.tlog
c:\users\edwin\documents\github\20210805\stk_cpp_dll\dll1\debug\dll1.tlog\rc.command.1.tlog
c:\users\edwin\documents\github\20210805\stk_cpp_dll\dll1\debug\dll1.tlog\rc.read.1.tlog
c:\users\edwin\documents\github\20210805\stk_cpp_dll\dll1\debug\dll1.tlog\rc.write.1.tlog
